<?xml version="1.0" encoding="UTF-8"?>
<testng-results skipped="0" failed="0" ignored="0" total="1" passed="1">
  <reporter-output>
  </reporter-output>
  <suite name="Surefire suite" duration-ms="12254" started-at="2020-06-13T16:09:22 EEST" finished-at="2020-06-13T16:09:34 EEST">
    <groups>
    </groups>
    <test name="Surefire test" duration-ms="12254" started-at="2020-06-13T16:09:22 EEST" finished-at="2020-06-13T16:09:34 EEST">
      <class name="com.task.testProject.Tests.TestClass">
        <test-method status="PASS" signature="TestSkillsCount()" name="TestSkillsCount" duration-ms="12221" started-at="2020-06-13T16:09:22 EEST" finished-at="2020-06-13T16:09:34 EEST">
          <reporter-output>
          </reporter-output>
        </test-method> <!-- TestSkillsCount -->
      </class> <!-- com.task.testProject.Tests.TestClass -->
    </test> <!-- Surefire test -->
  </suite> <!-- Surefire suite -->
</testng-results>
